%MSG-i MF_INIT_OK:  lar 28-Nov-2016 11:46:14 CST JobSetup
Messagelogger initialization complete.
%MSG
%MSG-w ColorDrawingOptions:  lar 28-Nov-2016 11:46:17 CST JobSetup
only 1 value given for raw color scale: number of divisions, low and high values.
Pad out those values for the number of signal types.
%MSG
%MSG-w ColorDrawingOptions:  lar 28-Nov-2016 11:46:17 CST JobSetup
only 1 value given for reco color scale: number of divisions, low and high values.
Pad out those values for the number of signal types.
%MSG
%MSG-i Root_Information:  lar TGeoManager::Import() 28-Nov-2016 11:46:17 CST  JobSetup
Reading geometry from file: /uboone/app/users/davidc1/v06_14_00/localProducts_larsoft_v06_14_00_e10_prof/uboonecode/v06_14_00/gdml/microboonev10.gdml
%MSG
%MSG-i Root_Information:  lar TGeoManager::TGeoManager()  28-Nov-2016 11:46:17 CST JobSetup
Geometry GDMLImport, Geometry imported from GDML created
%MSG
%MSG-i Root_Information:  lar TGeoManager::SetTopVolume()  28-Nov-2016 11:46:17 CST JobSetup
Top volume is volWorld. Master volume is volWorld
%MSG
%MSG-i Root_Information:  lar TGeoNavigator::BuildCache()  28-Nov-2016 11:46:17 CST JobSetup
--- Maximum geometry depth set to 100
%MSG
%MSG-i Root_Information:  lar TGeoManager::CheckGeometry()  28-Nov-2016 11:46:17 CST JobSetup
Fixing runtime shapes...
%MSG
%MSG-i Root_Information:  lar TGeoManager::CheckGeometry()  28-Nov-2016 11:46:17 CST JobSetup
...Nothing to fix
%MSG
%MSG-i Root_Information:  lar TGeoManager::CloseGeometry()  28-Nov-2016 11:46:17 CST JobSetup
Counting nodes...
%MSG
%MSG-i Root_Information:  lar TGeoManager::Voxelize() 28-Nov-2016 11:46:17 CST  JobSetup
Voxelizing...
%MSG
%MSG-i Root_Information:  lar TGeoManager::CloseGeometry()  28-Nov-2016 11:46:17 CST JobSetup
Building cache...
%MSG
%MSG-i Root_Information:  lar TGeoManager::CountLevels()  28-Nov-2016 11:46:17 CST JobSetup
max level = 5, max placements = 3456
%MSG
%MSG-i Root_Information:  lar TGeoManager::CloseGeometry()  28-Nov-2016 11:46:17 CST JobSetup
9086 nodes/ 748 volume UID's in Geometry imported from GDML
%MSG
%MSG-i Root_Information:  lar TGeoManager::CloseGeometry()  28-Nov-2016 11:46:17 CST JobSetup
----------------modeler ready----------------
%MSG
%MSG-i GeometryCore:  lar 28-Nov-2016 11:46:17 CST JobSetup
New detector geometry loaded from 
	/uboone/app/users/davidc1/v06_14_00/localProducts_larsoft_v06_14_00_e10_prof/uboonecode/v06_14_00/gdml/microboonev10.gdml
	/uboone/app/users/davidc1/v06_14_00/localProducts_larsoft_v06_14_00_e10_prof/uboonecode/v06_14_00/gdml/microboonev10_nowires.gdml

%MSG
%MSG-i ChannelMapStandardAlg:  lar 28-Nov-2016 11:46:17 CST JobSetup
Initializing Standard ChannelMap...
%MSG
%MSG-i ChannelMapStandardAlg:  lar 28-Nov-2016 11:46:17 CST JobSetup
Initializing Standard ChannelMap...
%MSG
%MSG-i setupProvider<DetectorPropertiesStandard>:  lar 28-Nov-2016 11:46:18 CST  JobSetup
Asked to ignore 1 keys: 'InheritNumberTimeSamples'
%MSG
%MSG-i SignalShapingServiceMicroBooNE:  lar 28-Nov-2016 11:46:18 CST JobSetup
Getting Filters from .fcl file
%MSG
%MSG-i SignalShapingServiceMicroBooNE:  lar 28-Nov-2016 11:46:18 CST JobSetup
Getting 2D Filters from .fcl file
%MSG
%MSG-i SignalShapingServiceMicroBooNE:  lar 28-Nov-2016 11:46:18 CST JobSetup
 using the field response provided from a .root file 
%MSG
28-Nov-2016 11:46:18 CST  Initiating request to open input file "michels.root"
28-Nov-2016 11:46:18 CST  Opened input file "michels.root"
%MSG-d TWQProjectionView:  EVD:evdisp@BeginJob 28-Nov-2016 11:46:21 CST  ModuleConstruction
Starting to draw
%MSG

charge collected at collection plane: 2 0 0
%MSG-d TWQProjectionView:  EVD:evdisp@BeginJob 28-Nov-2016 11:46:21 CST  ModuleConstruction
Done drawing 3 planes
%MSG
%MSG-d TWQProjectionView:  EVD:evdisp@BeginJob 28-Nov-2016 11:46:21 CST  ModuleConstruction
Done drawing
%MSG
%MSG-w LoadNewGeometry:  PostSourceRun 28-Nov-2016 11:46:21 CST run: 5767
cannot find sumdata::RunData object to grab detector name
this is expected if generating MC files
using default geometry from configuration file

%MSG
%MSG-w LoadNewGeometry:  PostSourceRun 28-Nov-2016 11:46:21 CST run: 5794
cannot find sumdata::RunData object to grab detector name
this is expected if generating MC files
using default geometry from configuration file

%MSG
%MSG-w LoadNewGeometry:  PostSourceRun 28-Nov-2016 11:46:21 CST run: 5920
cannot find sumdata::RunData object to grab detector name
this is expected if generating MC files
using default geometry from configuration file

%MSG
Begin processing the 1st record. run: 5920 subRun: 12 event: 604 at 28-Nov-2016 11:46:21 CST
%MSG-w InfoTransfer:  PostSource 28-Nov-2016 11:46:22 CST  run: 5920 subRun: 12 event: 604
failed to get handle to std::vector<recob::Hit> from ffthit
%MSG
%MSG-d TWQProjectionView:  PostProcessPath end_path 28-Nov-2016 11:46:22 CST  run: 5920 subRun: 12 event: 604
Starting to draw
%MSG

charge collected at collection plane: 2 0 0
%MSG-d RawDataDrawer:  PostProcessPath end_path 28-Nov-2016 11:46:23 CST  run: 5920 subRun: 12 event: 604
ExtractRange() on pad 'fWireProjP0'
 frame window is 611x156 pixel big and, from external source, spans wires -11-2410 and TDC 0-6431
%MSG
%MSG-i RawDataDrawer:  PostProcessPath end_path 28-Nov-2016 11:46:23 CST  run: 5920 subRun: 12 event: 604
Region of interest for C:0 T:0 P:0 detected to be within wires 0 to 2398 (plane has 2400 wires)
%MSG
%MSG-i RawDataDrawer:  PostProcessPath end_path 28-Nov-2016 11:46:23 CST  run: 5920 subRun: 12 event: 604
Region of interest for C:0 T:0 P:0 detected to be within ticks 0 to 6399
%MSG
%MSG-d RawDataDrawer:  PostProcessPath end_path 28-Nov-2016 11:46:26 CST  run: 5920 subRun: 12 event: 604
ExtractRange() on pad 'fWireProjP1'
 frame window is 611x157 pixel big and, from external source, spans wires -11-2410 and TDC 0-6431
%MSG
%MSG-i RawDataDrawer:  PostProcessPath end_path 28-Nov-2016 11:46:26 CST  run: 5920 subRun: 12 event: 604
Region of interest for C:0 T:0 P:1 detected to be within wires 48 to 2338 (plane has 2400 wires)
%MSG
%MSG-i RawDataDrawer:  PostProcessPath end_path 28-Nov-2016 11:46:26 CST  run: 5920 subRun: 12 event: 604
Region of interest for C:0 T:0 P:1 detected to be within ticks 0 to 6399
%MSG
%MSG-d RawDataDrawer:  PostProcessPath end_path 28-Nov-2016 11:46:29 CST  run: 5920 subRun: 12 event: 604
ExtractRange() on pad 'fWireProjP2'
 frame window is 611x156 pixel big and, from external source, spans wires -17-3472 and TDC 0-6431
%MSG
%MSG-i RawDataDrawer:  PostProcessPath end_path 28-Nov-2016 11:46:29 CST  run: 5920 subRun: 12 event: 604
Region of interest for C:0 T:0 P:2 detected to be within wires 0 to 3455 (plane has 3456 wires)
%MSG
%MSG-i RawDataDrawer:  PostProcessPath end_path 28-Nov-2016 11:46:29 CST  run: 5920 subRun: 12 event: 604
Region of interest for C:0 T:0 P:2 detected to be within ticks 0 to 6399
%MSG
%MSG-d TWQProjectionView:  PostProcessPath end_path 28-Nov-2016 11:46:33 CST  run: 5920 subRun: 12 event: 604
Done drawing 3 planes
%MSG
%MSG-d TWQProjectionView:  PostProcessPath end_path 28-Nov-2016 11:46:33 CST  run: 5920 subRun: 12 event: 604
Done drawing
%MSG
%MSG-d RawDataDrawer:  PostProcessPath end_path 28-Nov-2016 11:47:08 CST  run: 5920 subRun: 12 event: 604
ExtractRange() on pad 'fWireProjP0'
 frame window is 1360x146 pixel big and, from external source, spans wires 0-2329 and TDC 0-6347
%MSG
%MSG-d RawDataDrawer:  PostProcessPath end_path 28-Nov-2016 11:47:08 CST  run: 5920 subRun: 12 event: 604
ExtractRange() on pad 'fWireProjP1'
 frame window is 1360x147 pixel big and, from external source, spans wires 18-2309 and TDC 0-6394
%MSG
%MSG-d RawDataDrawer:  PostProcessPath end_path 28-Nov-2016 11:47:09 CST  run: 5920 subRun: 12 event: 604
ExtractRange() on pad 'fWireProjP2'
 frame window is 1360x146 pixel big and, from external source, spans wires 0-3426 and TDC 0-6400
%MSG
%MSG-w InfoTransfer:  PostSource 28-Nov-2016 11:48:24 CST  run: 5920 subRun: 12 event: 604
failed to get handle to std::vector<recob::Hit> from ffthit
%MSG
%MSG-d TWQProjectionView:  PostProcessPath end_path 28-Nov-2016 11:48:24 CST  run: 5920 subRun: 12 event: 604
Starting to draw
%MSG

charge collected at collection plane: 2 0 0
%MSG-d RawDataDrawer:  PostProcessPath end_path 28-Nov-2016 11:48:24 CST  run: 5920 subRun: 12 event: 604
ExtractRange() on pad 'fWireProjP0'
 frame window is 1360x146 pixel big and, from external source, spans wires 0-2329 and TDC 0-6347
%MSG
%MSG-d RawDataDrawer:  PostProcessPath end_path 28-Nov-2016 11:48:25 CST  run: 5920 subRun: 12 event: 604
ExtractRange() on pad 'fWireProjP1'
 frame window is 1360x147 pixel big and, from external source, spans wires 18-2309 and TDC 0-6394
%MSG
%MSG-d RawDataDrawer:  PostProcessPath end_path 28-Nov-2016 11:48:26 CST  run: 5920 subRun: 12 event: 604
ExtractRange() on pad 'fWireProjP2'
 frame window is 1360x146 pixel big and, from external source, spans wires 0-3426 and TDC 0-6400
%MSG
%MSG-d TWQProjectionView:  PostProcessPath end_path 28-Nov-2016 11:48:27 CST  run: 5920 subRun: 12 event: 604
Done drawing 3 planes
%MSG
%MSG-d TWQProjectionView:  PostProcessPath end_path 28-Nov-2016 11:48:27 CST  run: 5920 subRun: 12 event: 604
Done drawing
%MSG
